[debug] [2023-10-23T13:41:53.239Z] ----------------------------------------------------------------------
[debug] [2023-10-23T13:41:53.242Z] Command:       C:\Program Files\nodejs\node.exe C:\Users\USER\AppData\Roaming\npm\node_modules\firebase-tools\lib\bin\firebase.js init hosting
[debug] [2023-10-23T13:41:53.242Z] CLI Version:   12.7.0
[debug] [2023-10-23T13:41:53.243Z] Platform:      win32
[debug] [2023-10-23T13:41:53.243Z] Node Version:  v18.18.1
[debug] [2023-10-23T13:41:53.244Z] Time:          Mon Oct 23 2023 20:41:53 GMT+0700 (Western Indonesia Time)
[debug] [2023-10-23T13:41:53.244Z] ----------------------------------------------------------------------
[debug] 
[debug] [2023-10-23T13:41:53.254Z] > command requires scopes: ["email","openid","https://www.googleapis.com/auth/cloudplatformprojects.readonly","https://www.googleapis.com/auth/firebase","https://www.googleapis.com/auth/cloud-platform"]
[debug] [2023-10-23T13:41:53.255Z] > authorizing via signed-in user (2104030084@students.unis.ac.id)
[info] 
     ######## #### ########  ######## ########     ###     ######  ########
     ##        ##  ##     ## ##       ##     ##  ##   ##  ##       ##
     ######    ##  ########  ######   ########  #########  ######  ######
     ##        ##  ##    ##  ##       ##     ## ##     ##       ## ##
     ##       #### ##     ## ######## ########  ##     ##  ######  ########

You're about to initialize a Firebase project in this directory:

  C:\Users\USER\Desktop\Language\Typescript\SvelteProject\web_himauntika

[info] 
=== Project Setup
[info] 
[info] First, let's associate this project directory with a Firebase project.
[info] You can create multiple project aliases by running firebase use --add, 
[info] but for now we'll just set up a default project.
[info] 
[debug] [2023-10-23T13:42:05.800Z] > refreshing access token with scopes: []
[debug] [2023-10-23T13:42:05.802Z] >>> [apiv2][query] POST https://www.googleapis.com/oauth2/v3/token [none]
[debug] [2023-10-23T13:42:05.803Z] >>> [apiv2][body] POST https://www.googleapis.com/oauth2/v3/token [omitted]
[debug] [2023-10-23T13:42:06.104Z] <<< [apiv2][status] POST https://www.googleapis.com/oauth2/v3/token 200
[debug] [2023-10-23T13:42:06.104Z] <<< [apiv2][body] POST https://www.googleapis.com/oauth2/v3/token [omitted]
[debug] [2023-10-23T13:42:06.124Z] >>> [apiv2][query] GET https://firebase.googleapis.com/v1beta1/projects pageSize=100
[debug] [2023-10-23T13:42:06.891Z] <<< [apiv2][status] GET https://firebase.googleapis.com/v1beta1/projects 200
[debug] [2023-10-23T13:42:06.892Z] <<< [apiv2][body] GET https://firebase.googleapis.com/v1beta1/projects [omitted]
[info] i  Using project himauntika-6bcaf (Himauntika) 
[info] 
=== Hosting Setup
[info] 
[info] Your public directory is the folder (relative to your project directory) that
[info] will contain Hosting assets to be uploaded with firebase deploy. If you
[info] have a build process for your assets, use your build's output directory.
[info] 
[debug] [2023-10-23T13:42:56.174Z] >>> [apiv2][query] GET https://www.gstatic.com/firebasejs/releases.json [none]
[debug] [2023-10-23T13:42:56.522Z] <<< [apiv2][status] GET https://www.gstatic.com/firebasejs/releases.json 200
[debug] [2023-10-23T13:42:56.523Z] <<< [apiv2][body] GET https://www.gstatic.com/firebasejs/releases.json {"current":{"version":"10.5.0","browserURL":"https://www.gstatic.com/firebasejs/10.5.0/firebase.js","packageURL":"https://www.gstatic.com/firebasejs/10.5.0/firebase.tgz"},"live":{"version":"10.5","browserURL":"https://www.gstatic.com/firebasejs/live/10.5/firebase.js","packageURL":"https://www.gstatic.com/firebasejs/live/10.5/firebase.tgz"},"components":{"analytics":"https://www.gstatic.com/firebasejs/10.5.0/firebase-analytics.js","app":"https://www.gstatic.com/firebasejs/10.5.0/firebase-app.js","app-check":"https://www.gstatic.com/firebasejs/10.5.0/firebase-app-check.js","auth":"https://www.gstatic.com/firebasejs/10.5.0/firebase-auth.js","auth/cordova":"https://www.gstatic.com/firebasejs/10.5.0/firebase-auth/cordova.js","functions":"https://www.gstatic.com/firebasejs/10.5.0/firebase-functions.js","firestore":"https://www.gstatic.com/firebasejs/10.5.0/firebase-firestore.js","firestore/lite":"https://www.gstatic.com/firebasejs/10.5.0/firebase-firestore/lite.js","installations":"https://www.gstatic.com/firebasejs/10.5.0/firebase-installations.js","storage":"https://www.gstatic.com/firebasejs/10.5.0/firebase-storage.js","performance":"https://www.gstatic.com/firebasejs/10.5.0/firebase-performance.js","remote-config":"https://www.gstatic.com/firebasejs/10.5.0/firebase-remote-config.js","messaging":"https://www.gstatic.com/firebasejs/10.5.0/firebase-messaging.js","messaging/sw":"https://www.gstatic.com/firebasejs/10.5.0/firebase-messaging/sw.js","database":"https://www.gstatic.com/firebasejs/10.5.0/firebase-database.js","firestore.memory":"https://www.gstatic.com/firebasejs/10.5.0/firebase-firestore.memory.js"}}
[info] +  Wrote public/index.html 
[info] 
[info] i  Didn't detect a .git folder. Assuming C:\Users\USER\Desktop\Language\Typescript\SvelteProject\web_himauntika is the project root. 
[info] i  Authorizing with GitHub to upload your service account to a GitHub repository's secrets store. 
[info] 
[info] Visit this URL on this device to log in:
[info] https://github.com/login/oauth/authorize?client_id=89cf50f02ac6aaed3484&state=1021427958&redirect_uri=http%3A%2F%2Flocalhost%3A9005&scope=read%3Auser%20repo%20public_repo
[info] 
[info] Waiting for authentication...
[debug] [2023-10-23T13:43:34.257Z] >>> [apiv2][query] POST https://github.com/login/oauth/access_token [none]
[debug] [2023-10-23T13:43:34.257Z] >>> [apiv2][body] POST https://github.com/login/oauth/access_token [stream]
[debug] [2023-10-23T13:43:34.845Z] <<< [apiv2][status] POST https://github.com/login/oauth/access_token 200
[debug] [2023-10-23T13:43:34.846Z] <<< [apiv2][body] POST https://github.com/login/oauth/access_token {"access_token":"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","token_type":"bearer","scope":"read:user,repo"}
[debug] [2023-10-23T13:43:34.864Z] >>> [apiv2][query] GET https://api.github.com/user [none]
[debug] [2023-10-23T13:43:35.426Z] <<< [apiv2][status] GET https://api.github.com/user 200
[debug] [2023-10-23T13:43:35.426Z] <<< [apiv2][body] GET https://api.github.com/user {"login":"Halim567","id":129165181,"node_id":"U_kgDOB7LnfQ","avatar_url":"https://avatars.githubusercontent.com/u/129165181?v=4","gravatar_id":"","url":"https://api.github.com/users/Halim567","html_url":"https://github.com/Halim567","followers_url":"https://api.github.com/users/Halim567/followers","following_url":"https://api.github.com/users/Halim567/following{/other_user}","gists_url":"https://api.github.com/users/Halim567/gists{/gist_id}","starred_url":"https://api.github.com/users/Halim567/starred{/owner}{/repo}","subscriptions_url":"https://api.github.com/users/Halim567/subscriptions","organizations_url":"https://api.github.com/users/Halim567/orgs","repos_url":"https://api.github.com/users/Halim567/repos","events_url":"https://api.github.com/users/Halim567/events{/privacy}","received_events_url":"https://api.github.com/users/Halim567/received_events","type":"User","site_admin":false,"name":"Halim648","company":null,"blog":"","location":null,"email":null,"hireable":null,"bio":null,"twitter_username":null,"public_repos":4,"public_gists":0,"followers":0,"following":0,"created_at":"2023-03-28T09:24:42Z","updated_at":"2023-10-10T11:41:12Z","private_gists":0,"total_private_repos":1,"owned_private_repos":1,"disk_usage":37609,"collaborators":0,"two_factor_authentication":false,"plan":{"name":"free","space":976562499,"collaborators":0,"private_repos":10000}}
[info] 
[info] +  Success! Logged into GitHub as Halim567 
[info] 
[debug] [2023-10-23T13:44:02.496Z] >>> [apiv2][query] GET https://api.github.com/repos//actions/secrets/public-key type=owner
[debug] [2023-10-23T13:44:02.925Z] <<< [apiv2][status] GET https://api.github.com/repos//actions/secrets/public-key 404
[debug] [2023-10-23T13:44:02.926Z] <<< [apiv2][body] GET https://api.github.com/repos//actions/secrets/public-key {"message":"Not Found","documentation_url":"https://docs.github.com/rest"}
[info] 
[info] 
[error] !  The provided authorization cannot be used with this repository. If this repository is in an organization, did you remember to grant access? 
[info] 
[info] i  Action required: Visit this URL to ensure access has been granted to the appropriate organization(s) for the Firebase CLI GitHub OAuth App: 
[info] https://github.com/settings/connections/applications/89cf50f02ac6aaed3484
[info] 
[debug] [2023-10-23T13:48:28.615Z] ----------------------------------------------------------------------
[debug] [2023-10-23T13:48:28.618Z] Command:       C:\Program Files\nodejs\node.exe C:\Users\USER\AppData\Roaming\npm\node_modules\firebase-tools\lib\bin\firebase.js init hosting
[debug] [2023-10-23T13:48:28.619Z] CLI Version:   12.7.0
[debug] [2023-10-23T13:48:28.619Z] Platform:      win32
[debug] [2023-10-23T13:48:28.619Z] Node Version:  v18.18.1
[debug] [2023-10-23T13:48:28.620Z] Time:          Mon Oct 23 2023 20:48:28 GMT+0700 (Western Indonesia Time)
[debug] [2023-10-23T13:48:28.620Z] ----------------------------------------------------------------------
[debug] 
[debug] [2023-10-23T13:48:28.628Z] > command requires scopes: ["email","openid","https://www.googleapis.com/auth/cloudplatformprojects.readonly","https://www.googleapis.com/auth/firebase","https://www.googleapis.com/auth/cloud-platform"]
[debug] [2023-10-23T13:48:28.628Z] > authorizing via signed-in user (2104030084@students.unis.ac.id)
[info] 
     ######## #### ########  ######## ########     ###     ######  ########
     ##        ##  ##     ## ##       ##     ##  ##   ##  ##       ##
     ######    ##  ########  ######   ########  #########  ######  ######
     ##        ##  ##    ##  ##       ##     ## ##     ##       ## ##
     ##       #### ##     ## ######## ########  ##     ##  ######  ########

You're about to initialize a Firebase project in this directory:

  C:\Users\USER\Desktop\Language\Typescript\SvelteProject\web_himauntika

[info] 
=== Project Setup
[info] 
[info] First, let's associate this project directory with a Firebase project.
[info] You can create multiple project aliases by running firebase use --add, 
[info] but for now we'll just set up a default project.
[info] 
[debug] [2023-10-23T13:49:45.750Z] >>> [apiv2][query] GET https://firebase.googleapis.com/v1beta1/projects pageSize=100
[debug] [2023-10-23T13:49:47.773Z] <<< [apiv2][status] GET https://firebase.googleapis.com/v1beta1/projects 200
[debug] [2023-10-23T13:49:47.773Z] <<< [apiv2][body] GET https://firebase.googleapis.com/v1beta1/projects [omitted]
[info] i  Using project himauntika-6bcaf (Himauntika) 
[info] 
=== Hosting Setup
[info] 
[info] Your public directory is the folder (relative to your project directory) that
[info] will contain Hosting assets to be uploaded with firebase deploy. If you
[info] have a build process for your assets, use your build's output directory.
[info] 
